<?xml version="1.0" encoding="UTF-8"?>
<!-- Generated by org.testng.reporters.JUnitReportReporter -->
<testsuite hostname="DESKTOP-VPOCKJB" failures="0" tests="1" name="testScenarios.LoginTest" time="8.340" errors="0" timestamp="2023-07-18T12:32:39 IST" skipped="0">
  <testcase classname="testScenarios.LoginTest" name="loginTest" time="8.340"/>
</testsuite> <!-- testScenarios.LoginTest -->
