<?xml version="1.0" encoding="UTF-8"?>
<!-- Generated by org.testng.reporters.JUnitReportReporter -->
<testsuite hostname="DESKTOP-VPOCKJB" failures="0" tests="1" name="testScenarios.SignupTest" time="5.550" errors="0" timestamp="2023-07-18T11:47:57 IST" skipped="0">
  <testcase classname="testScenarios.SignupTest" name="signupWithExisitingUsername" time="5.550"/>
</testsuite> <!-- testScenarios.SignupTest -->
