<?xml version="1.0" encoding="UTF-8"?>
<!-- Generated by org.testng.reporters.JUnitReportReporter -->
<testsuite hostname="DESKTOP-VPOCKJB" failures="0" tests="5" name="testScenarios.TestMethodgoogle" time="6.405" errors="0" timestamp="2023-07-17T12:05:06 IST" skipped="0">
  <testcase classname="testScenarios.TestMethodgoogle" name="verifyLandingPagegoogle" time="0.017"/>
  <testcase classname="testScenarios.TestMethodgoogle" name="searchgoogleOperation" time="0.405"/>
  <testcase classname="testScenarios.TestMethodgoogle" name="verifyandAcessGuviLogin" time="5.722"/>
  <testcase classname="testScenarios.TestMethodgoogle" name="verifyLandingPageguvi" time="0.010"/>
  <testcase classname="testScenarios.TestMethodgoogle" name="LoginGuviPage" time="0.251"/>
</testsuite> <!-- testScenarios.TestMethodgoogle -->
